  [1m[36m (2.4ms)[0m  [1mCREATE TABLE "address_cards" ("id" INTEGER PRIMARY KEY AUTOINCREMENT NOT NULL, "first_name" varchar(255), "last_name" varchar(255), "created_at" datetime, "updated_at" datetime) [0m
  [1m[35m (1.4ms)[0m  CREATE TABLE "address_cards_contact_lists" ("address_card_id" integer, "contact_list_id" integer) 
  [1m[36m (1.4ms)[0m  [1mCREATE UNIQUE INDEX "index_accl_address_card_id_contact_list_id" ON "address_cards_contact_lists" ("address_card_id", "contact_list_id")[0m
  [1m[35m (2.0ms)[0m  CREATE TABLE "addresses" ("id" INTEGER PRIMARY KEY AUTOINCREMENT NOT NULL, "line_1" varchar(255), "line_2" varchar(255), "line_3" varchar(255), "city" varchar(255), "province" varchar(255), "postal_code" varchar(255), "country" varchar(255), "address_card_id" integer, "created_at" datetime, "updated_at" datetime) 
  [1m[36m (1.6ms)[0m  [1mCREATE TABLE "contact_lists" ("id" INTEGER PRIMARY KEY AUTOINCREMENT NOT NULL, "name" varchar(255), "created_at" datetime, "updated_at" datetime) [0m
  [1m[35m (1.4ms)[0m  CREATE TABLE "contact_lists_users" ("contact_list_id" integer, "user_id" integer) 
  [1m[36m (2.2ms)[0m  [1mCREATE UNIQUE INDEX "index_contact_lists_users_on_contact_list_id_and_user_id" ON "contact_lists_users" ("contact_list_id", "user_id")[0m
  [1m[35m (1.5ms)[0m  CREATE TABLE "emails" ("id" INTEGER PRIMARY KEY AUTOINCREMENT NOT NULL, "value" varchar(255), "kind" varchar(255), "address_card_id" integer, "created_at" datetime, "updated_at" datetime) 
  [1m[36m (1.4ms)[0m  [1mCREATE TABLE "phones" ("id" INTEGER PRIMARY KEY AUTOINCREMENT NOT NULL, "value" varchar(255), "kind" varchar(255), "address_card_id" integer, "created_at" datetime, "updated_at" datetime) [0m
  [1m[35m (1.5ms)[0m  CREATE TABLE "users" ("id" INTEGER PRIMARY KEY AUTOINCREMENT NOT NULL, "site_id" integer, "created_at" datetime, "updated_at" datetime, "address_card_id" integer) 
  [1m[36m (2.7ms)[0m  [1mCREATE TABLE "schema_migrations" ("version" varchar(255) NOT NULL) [0m
  [1m[35m (1.5ms)[0m  CREATE UNIQUE INDEX "unique_schema_migrations" ON "schema_migrations" ("version")
  [1m[36m (0.1ms)[0m  [1mSELECT version FROM "schema_migrations"[0m
  [1m[35m (1.2ms)[0m  INSERT INTO "schema_migrations" (version) VALUES ('20130603164115')
  [1m[36m (1.1ms)[0m  [1mINSERT INTO "schema_migrations" (version) VALUES ('20130530140151')[0m
  [1m[35m (1.1ms)[0m  INSERT INTO "schema_migrations" (version) VALUES ('20130530153326')
  [1m[36m (1.2ms)[0m  [1mINSERT INTO "schema_migrations" (version) VALUES ('20130530170431')[0m
  [1m[35m (1.4ms)[0m  INSERT INTO "schema_migrations" (version) VALUES ('20130530170516')
  [1m[36m (1.9ms)[0m  [1mINSERT INTO "schema_migrations" (version) VALUES ('20130530171215')[0m
  [1m[35m (2.1ms)[0m  INSERT INTO "schema_migrations" (version) VALUES ('20130603161425')
  [1m[36m (1.6ms)[0m  [1mINSERT INTO "schema_migrations" (version) VALUES ('20130603161617')[0m
  [1m[35m (1.2ms)[0m  INSERT INTO "schema_migrations" (version) VALUES ('20130603161620')
  [1m[36mActiveRecord::SchemaMigration Load (0.1ms)[0m  [1mSELECT "schema_migrations".* FROM "schema_migrations"[0m
  [1m[35mActiveRecord::SchemaMigration Load (0.1ms)[0m  SELECT "schema_migrations".* FROM "schema_migrations"
  [1m[36m (6.0ms)[0m  [1mCREATE TABLE "address_cards" ("id" INTEGER PRIMARY KEY AUTOINCREMENT NOT NULL, "first_name" varchar(255), "last_name" varchar(255), "created_at" datetime, "updated_at" datetime) [0m
  [1m[35m (1.7ms)[0m  CREATE TABLE "address_cards_contact_lists" ("address_card_id" integer, "contact_list_id" integer) 
  [1m[36m (1.9ms)[0m  [1mCREATE UNIQUE INDEX "index_accl_address_card_id_contact_list_id" ON "address_cards_contact_lists" ("address_card_id", "contact_list_id")[0m
  [1m[35m (1.9ms)[0m  CREATE TABLE "addresses" ("id" INTEGER PRIMARY KEY AUTOINCREMENT NOT NULL, "line_1" varchar(255), "line_2" varchar(255), "line_3" varchar(255), "city" varchar(255), "province" varchar(255), "postal_code" varchar(255), "country" varchar(255), "address_card_id" integer, "created_at" datetime, "updated_at" datetime) 
  [1m[36m (1.9ms)[0m  [1mCREATE TABLE "contact_lists" ("id" INTEGER PRIMARY KEY AUTOINCREMENT NOT NULL, "name" varchar(255), "created_at" datetime, "updated_at" datetime) [0m
  [1m[35m (2.3ms)[0m  CREATE TABLE "contact_lists_users" ("contact_list_id" integer, "user_id" integer) 
  [1m[36m (2.2ms)[0m  [1mCREATE UNIQUE INDEX "index_contact_lists_users_on_contact_list_id_and_user_id" ON "contact_lists_users" ("contact_list_id", "user_id")[0m
  [1m[35m (2.2ms)[0m  CREATE TABLE "emails" ("id" INTEGER PRIMARY KEY AUTOINCREMENT NOT NULL, "value" varchar(255), "kind" varchar(255), "address_card_id" integer, "created_at" datetime, "updated_at" datetime) 
  [1m[36m (1.6ms)[0m  [1mCREATE TABLE "phones" ("id" INTEGER PRIMARY KEY AUTOINCREMENT NOT NULL, "value" varchar(255), "kind" varchar(255), "address_card_id" integer, "created_at" datetime, "updated_at" datetime) [0m
  [1m[35m (1.5ms)[0m  CREATE TABLE "users" ("id" INTEGER PRIMARY KEY AUTOINCREMENT NOT NULL, "site_id" integer, "created_at" datetime, "updated_at" datetime, "address_card_id" integer) 
  [1m[36m (1.8ms)[0m  [1mCREATE TABLE "schema_migrations" ("version" varchar(255) NOT NULL) [0m
  [1m[35m (1.5ms)[0m  CREATE UNIQUE INDEX "unique_schema_migrations" ON "schema_migrations" ("version")
  [1m[36m (0.1ms)[0m  [1mSELECT version FROM "schema_migrations"[0m
  [1m[35m (1.5ms)[0m  INSERT INTO "schema_migrations" (version) VALUES ('20130603164115')
  [1m[36m (1.3ms)[0m  [1mINSERT INTO "schema_migrations" (version) VALUES ('20130530140151')[0m
  [1m[35m (1.3ms)[0m  INSERT INTO "schema_migrations" (version) VALUES ('20130530153326')
  [1m[36m (1.2ms)[0m  [1mINSERT INTO "schema_migrations" (version) VALUES ('20130530170431')[0m
  [1m[35m (1.3ms)[0m  INSERT INTO "schema_migrations" (version) VALUES ('20130530170516')
  [1m[36m (1.8ms)[0m  [1mINSERT INTO "schema_migrations" (version) VALUES ('20130530171215')[0m
  [1m[35m (1.4ms)[0m  INSERT INTO "schema_migrations" (version) VALUES ('20130603161425')
  [1m[36m (1.3ms)[0m  [1mINSERT INTO "schema_migrations" (version) VALUES ('20130603161617')[0m
  [1m[35m (1.4ms)[0m  INSERT INTO "schema_migrations" (version) VALUES ('20130603161620')
